{"C:\\Users\\egor_\\frontend-project-46\\src\\index.js": {"path":"C:\\Users\\egor_\\frontend-project-46\\src\\index.js","statementMap":{"0":{"start":{"line":4,"column":18},"end":{"line":34,"column":1}},"1":{"start":{"line":5,"column":16},"end":{"line":5,"column":34}},"2":{"start":{"line":6,"column":16},"end":{"line":6,"column":34}},"3":{"start":{"line":7,"column":18},"end":{"line":7,"column":49}},"4":{"start":{"line":9,"column":15},"end":{"line":31,"column":4}},"5":{"start":{"line":10,"column":19},"end":{"line":10,"column":31}},"6":{"start":{"line":11,"column":19},"end":{"line":11,"column":31}},"7":{"start":{"line":13,"column":4},"end":{"line":15,"column":5}},"8":{"start":{"line":14,"column":6},"end":{"line":14,"column":57}},"9":{"start":{"line":17,"column":4},"end":{"line":19,"column":5}},"10":{"start":{"line":18,"column":6},"end":{"line":18,"column":55}},"11":{"start":{"line":21,"column":4},"end":{"line":23,"column":5}},"12":{"start":{"line":22,"column":6},"end":{"line":22,"column":59}},"13":{"start":{"line":25,"column":4},"end":{"line":30,"column":6}},"14":{"start":{"line":33,"column":2},"end":{"line":33,"column":14}},"15":{"start":{"line":36,"column":19},"end":{"line":56,"column":1}},"16":{"start":{"line":37,"column":16},"end":{"line":53,"column":4}},"17":{"start":{"line":38,"column":4},"end":{"line":52,"column":5}},"18":{"start":{"line":40,"column":8},"end":{"line":40,"column":48}},"19":{"start":{"line":42,"column":8},"end":{"line":42,"column":48}},"20":{"start":{"line":44,"column":8},"end":{"line":44,"column":48}},"21":{"start":{"line":46,"column":8},"end":{"line":49,"column":21}},"22":{"start":{"line":51,"column":8},"end":{"line":51,"column":18}},"23":{"start":{"line":55,"column":2},"end":{"line":55,"column":37}},"24":{"start":{"line":58,"column":16},"end":{"line":64,"column":1}},"25":{"start":{"line":59,"column":16},"end":{"line":59,"column":36}},"26":{"start":{"line":60,"column":16},"end":{"line":60,"column":36}},"27":{"start":{"line":62,"column":15},"end":{"line":62,"column":38}},"28":{"start":{"line":63,"column":2},"end":{"line":63,"column":26}}},"fnMap":{"0":{"name":"(anonymous_0)","decl":{"start":{"line":4,"column":18},"end":{"line":4,"column":19}},"loc":{"start":{"line":4,"column":36},"end":{"line":34,"column":1}},"line":4},"1":{"name":"(anonymous_1)","decl":{"start":{"line":9,"column":27},"end":{"line":9,"column":28}},"loc":{"start":{"line":9,"column":36},"end":{"line":31,"column":3}},"line":9},"2":{"name":"(anonymous_2)","decl":{"start":{"line":36,"column":19},"end":{"line":36,"column":20}},"loc":{"start":{"line":36,"column":29},"end":{"line":56,"column":1}},"line":36},"3":{"name":"(anonymous_3)","decl":{"start":{"line":37,"column":25},"end":{"line":37,"column":26}},"loc":{"start":{"line":37,"column":35},"end":{"line":53,"column":3}},"line":37},"4":{"name":"(anonymous_4)","decl":{"start":{"line":58,"column":16},"end":{"line":58,"column":17}},"loc":{"start":{"line":58,"column":62},"end":{"line":64,"column":1}},"line":58}},"branchMap":{"0":{"loc":{"start":{"line":13,"column":4},"end":{"line":15,"column":5}},"type":"if","locations":[{"start":{"line":13,"column":4},"end":{"line":15,"column":5}},{"start":{},"end":{}}],"line":13},"1":{"loc":{"start":{"line":17,"column":4},"end":{"line":19,"column":5}},"type":"if","locations":[{"start":{"line":17,"column":4},"end":{"line":19,"column":5}},{"start":{},"end":{}}],"line":17},"2":{"loc":{"start":{"line":21,"column":4},"end":{"line":23,"column":5}},"type":"if","locations":[{"start":{"line":21,"column":4},"end":{"line":23,"column":5}},{"start":{},"end":{}}],"line":21},"3":{"loc":{"start":{"line":38,"column":4},"end":{"line":52,"column":5}},"type":"switch","locations":[{"start":{"line":39,"column":6},"end":{"line":40,"column":48}},{"start":{"line":41,"column":6},"end":{"line":42,"column":48}},{"start":{"line":43,"column":6},"end":{"line":44,"column":48}},{"start":{"line":45,"column":6},"end":{"line":49,"column":21}},{"start":{"line":50,"column":6},"end":{"line":51,"column":18}}],"line":38},"4":{"loc":{"start":{"line":58,"column":39},"end":{"line":58,"column":57}},"type":"default-arg","locations":[{"start":{"line":58,"column":48},"end":{"line":58,"column":57}}],"line":58}},"s":{"0":1,"1":1,"2":1,"3":1,"4":1,"5":5,"6":5,"7":5,"8":2,"9":3,"10":1,"11":2,"12":1,"13":1,"14":1,"15":1,"16":1,"17":5,"18":2,"19":1,"20":1,"21":1,"22":0,"23":1,"24":1,"25":1,"26":1,"27":1,"28":1},"f":{"0":1,"1":5,"2":1,"3":5,"4":1},"b":{"0":[2,3],"1":[1,2],"2":[1,1],"3":[2,1,1,1,0],"4":[1]},"inputSourceMap":null,"_coverageSchema":"1a1c01bbd47fc00a2c39e90264f33305004495a9","hash":"59cfe4e039ee7556cce5b86c990ca9c0b476822f"}
,"C:\\Users\\egor_\\frontend-project-46\\src\\parsers.js": {"path":"C:\\Users\\egor_\\frontend-project-46\\src\\parsers.js","statementMap":{"0":{"start":{"line":4,"column":23},"end":{"line":8,"column":1}},"1":{"start":{"line":5,"column":23},"end":{"line":5,"column":60}},"2":{"start":{"line":6,"column":22},"end":{"line":6,"column":56}},"3":{"start":{"line":7,"column":2},"end":{"line":7,"column":21}},"4":{"start":{"line":10,"column":18},"end":{"line":19,"column":1}},"5":{"start":{"line":11,"column":18},"end":{"line":11,"column":42}},"6":{"start":{"line":12,"column":20},"end":{"line":12,"column":56}},"7":{"start":{"line":14,"column":2},"end":{"line":16,"column":3}},"8":{"start":{"line":15,"column":4},"end":{"line":15,"column":31}},"9":{"start":{"line":18,"column":2},"end":{"line":18,"column":59}}},"fnMap":{"0":{"name":"(anonymous_0)","decl":{"start":{"line":4,"column":23},"end":{"line":4,"column":24}},"loc":{"start":{"line":4,"column":37},"end":{"line":8,"column":1}},"line":4},"1":{"name":"(anonymous_1)","decl":{"start":{"line":10,"column":18},"end":{"line":10,"column":19}},"loc":{"start":{"line":10,"column":32},"end":{"line":19,"column":1}},"line":10}},"branchMap":{"0":{"loc":{"start":{"line":14,"column":2},"end":{"line":16,"column":3}},"type":"if","locations":[{"start":{"line":14,"column":2},"end":{"line":16,"column":3}},{"start":{},"end":{}}],"line":14}},"s":{"0":1,"1":2,"2":2,"3":2,"4":1,"5":2,"6":2,"7":2,"8":2,"9":0},"f":{"0":2,"1":2},"b":{"0":[2,0]},"inputSourceMap":null,"_coverageSchema":"1a1c01bbd47fc00a2c39e90264f33305004495a9","hash":"c177401e6e68038f9f8dbf799d73b41d875bb0a7"}
}
