TN:
SF:src\index.js
FN:4,(anonymous_0)
FN:9,(anonymous_1)
FN:36,(anonymous_2)
FN:37,(anonymous_3)
FN:58,(anonymous_4)
FNF:5
FNH:5
FNDA:1,(anonymous_0)
FNDA:5,(anonymous_1)
FNDA:1,(anonymous_2)
FNDA:5,(anonymous_3)
FNDA:1,(anonymous_4)
DA:4,1
DA:5,1
DA:6,1
DA:7,1
DA:9,1
DA:10,5
DA:11,5
DA:13,5
DA:14,2
DA:17,3
DA:18,1
DA:21,2
DA:22,1
DA:25,1
DA:33,1
DA:36,1
DA:37,1
DA:38,5
DA:40,2
DA:42,1
DA:44,1
DA:46,1
DA:51,0
DA:55,1
DA:58,1
DA:59,1
DA:60,1
DA:62,1
DA:63,1
LF:29
LH:28
BRDA:13,0,0,2
BRDA:13,0,1,3
BRDA:17,1,0,1
BRDA:17,1,1,2
BRDA:21,2,0,1
BRDA:21,2,1,1
BRDA:38,3,0,2
BRDA:38,3,1,1
BRDA:38,3,2,1
BRDA:38,3,3,1
BRDA:38,3,4,0
BRDA:58,4,0,1
BRF:12
BRH:11
end_of_record
TN:
SF:src\parsers.js
FN:4,(anonymous_0)
FN:10,(anonymous_1)
FNF:2
FNH:2
FNDA:2,(anonymous_0)
FNDA:2,(anonymous_1)
DA:4,1
DA:5,2
DA:6,2
DA:7,2
DA:10,1
DA:11,2
DA:12,2
DA:14,2
DA:15,2
DA:18,0
LF:10
LH:9
BRDA:14,0,0,2
BRDA:14,0,1,0
BRF:2
BRH:1
end_of_record
